#
# There is insufficient memory for the Java Runtime Environment to continue.
# Native memory allocation (mmap) failed to map 27262976 bytes for G1 virtual space
# Possible reasons:
#   The system is out of physical RAM or swap space
#   The process is running with CompressedOops enabled, and the Java Heap may be blocking the growth of the native heap
# Possible solutions:
#   Reduce memory load on the system
#   Increase physical memory or swap space
#   Check if swap backing store is full
#   Decrease Java heap size (-Xmx/-Xms)
#   Decrease number of Java threads
#   Decrease Java thread stack sizes (-Xss)
#   Set larger code cache with -XX:ReservedCodeCacheSize=
#   JVM is running with Unscaled Compressed Oops mode in which the Java heap is
#     placed in the first 4GB address space. The Java Heap base address is the
#     maximum limit for the native heap growth. Please use -XX:HeapBaseMinAddress
#     to set the Java Heap base and to place the Java Heap above 4GB virtual address.
# This output file may be truncated or incomplete.
#
#  Out of Memory Error (os_windows.cpp:3532), pid=4196, tid=11676
#
# JRE version: OpenJDK Runtime Environment Temurin-17.0.2+8 (17.0.2+8) (build 17.0.2+8)
# Java VM: OpenJDK 64-Bit Server VM Temurin-17.0.2+8 (17.0.2+8, mixed mode, emulated-client, tiered, compressed oops, compressed class ptrs, g1 gc, windows-amd64)
# No core dump will be written. Minidumps are not enabled by default on client versions of Windows
#

---------------  S U M M A R Y ------------

Command Line: -Dcom.sun.management.jmxremote -Dcom.sun.management.jmxremote.port=58421 -Dcom.sun.management.jmxremote.authenticate=false -Dcom.sun.management.jmxremote.ssl=false -Djava.rmi.server.hostname=localhost -Dspring.jmx.enabled=true -Dspring.application.admin.enabled=true -XX:TieredStopAtLevel=1 -Dspring.boot.project.name=Pensiondetail -Dfile.encoding=UTF-8 -XX:+ShowCodeDetailsInExceptionMessages com.pensionDetail.PensiondetailApplication --spring.output.ansi.enabled=always

Host: Intel(R) Xeon(R) CPU E5-2673 v4 @ 2.30GHz, 2 cores, 7G,  Windows 10 , 64 bit Build 19041 (10.0.19041.1741)
Time: Thu Jun 23 10:32:36 2022 Coordinated Universal Time elapsed time: 4.574571 seconds (0d 0h 0m 4s)

---------------  T H R E A D  ---------------

Current thread (0x000001b9f2b8dc70):  VMThread "VM Thread" [stack: 0x0000005b5dc00000,0x0000005b5dd00000] [id=11676]

Stack: [0x0000005b5dc00000,0x0000005b5dd00000]
Native frames: (J=compiled Java code, j=interpreted, Vv=VM code, C=native code)
V  [jvm.dll+0x67564a]
V  [jvm.dll+0x82fc04]
V  [jvm.dll+0x8313ae]
V  [jvm.dll+0x831a13]
V  [jvm.dll+0x245235]
V  [jvm.dll+0x672539]
V  [jvm.dll+0x666e82]
V  [jvm.dll+0x30401b]
V  [jvm.dll+0x30b566]
V  [jvm.dll+0x35b1fe]
V  [jvm.dll+0x35b42f]
V  [jvm.dll+0x2daf58]
V  [jvm.dll+0x2d920c]
V  [jvm.dll+0x2d87dc]
V  [jvm.dll+0x32c10c]
V  [jvm.dll+0x835ebb]
V  [jvm.dll+0x836bf4]
V  [jvm.dll+0x83710c]
V  [jvm.dll+0x8374e4]
V  [jvm.dll+0x8375b0]
V  [jvm.dll+0x7dff2a]
V  [jvm.dll+0x6744d5]
C  [ucrtbase.dll+0x21bb2]
C  [KERNEL32.DLL+0x17034]
C  [ntdll.dll+0x52651]

VM_Operation (0x0000005b5d6fcca0): CollectForMetadataAllocation, mode: safepoint, requested by thread 0x000001b9e5a1ff50


---------------  P R O C E S S  ---------------

Threads class SMR info:
_java_thread_list=0x000001b9f50c6680, length=20, elements={
0x000001b9e5a1ff50, 0x000001b9f2b61510, 0x000001b9f2b62f30, 0x000001b9f2ba7590,
0x000001b9f2bd3560, 0x000001b9f2bd4e30, 0x000001b9f2bd56f0, 0x000001b9f2bd5fb0,
0x000001b9f3529510, 0x000001b9f2b05990, 0x000001b9f35ec590, 0x000001b9f36cb050,
0x000001b9f3d866c0, 0x000001b9f3d89c70, 0x000001b9f3d8cff0, 0x000001b9f3d81040,
0x000001b9f3e9adc0, 0x000001b9f3e67770, 0x000001b9f3ee3c20, 0x000001b9f50d5b30
}

Java Threads: ( => current thread )
  0x000001b9e5a1ff50 JavaThread "main" [_thread_blocked, id=4180, stack(0x0000005b5d600000,0x0000005b5d700000)]
  0x000001b9f2b61510 JavaThread "Reference Handler" daemon [_thread_blocked, id=2516, stack(0x0000005b5dd00000,0x0000005b5de00000)]
  0x000001b9f2b62f30 JavaThread "Finalizer" daemon [_thread_blocked, id=5632, stack(0x0000005b5de00000,0x0000005b5df00000)]
  0x000001b9f2ba7590 JavaThread "Signal Dispatcher" daemon [_thread_blocked, id=3356, stack(0x0000005b5df00000,0x0000005b5e000000)]
  0x000001b9f2bd3560 JavaThread "Attach Listener" daemon [_thread_blocked, id=1184, stack(0x0000005b5e000000,0x0000005b5e100000)]
  0x000001b9f2bd4e30 JavaThread "Service Thread" daemon [_thread_blocked, id=1548, stack(0x0000005b5e100000,0x0000005b5e200000)]
  0x000001b9f2bd56f0 JavaThread "Monitor Deflation Thread" daemon [_thread_blocked, id=2152, stack(0x0000005b5e200000,0x0000005b5e300000)]
  0x000001b9f2bd5fb0 JavaThread "C1 CompilerThread0" daemon [_thread_blocked, id=3736, stack(0x0000005b5e300000,0x0000005b5e400000)]
  0x000001b9f3529510 JavaThread "Sweeper thread" daemon [_thread_blocked, id=2712, stack(0x0000005b5e400000,0x0000005b5e500000)]
  0x000001b9f2b05990 JavaThread "Common-Cleaner" daemon [_thread_blocked, id=6172, stack(0x0000005b5e500000,0x0000005b5e600000)]
  0x000001b9f35ec590 JavaThread "C1 CompilerThread1" daemon [_thread_blocked, id=9004, stack(0x0000005b5e600000,0x0000005b5e700000)]
  0x000001b9f36cb050 JavaThread "Notification Thread" daemon [_thread_blocked, id=8096, stack(0x0000005b5e700000,0x0000005b5e800000)]
  0x000001b9f3d866c0 JavaThread "RMI TCP Accept-0" daemon [_thread_in_native, id=12756, stack(0x0000005b5e900000,0x0000005b5ea00000)]
  0x000001b9f3d89c70 JavaThread "RMI TCP Accept-58421" daemon [_thread_in_native, id=4296, stack(0x0000005b5ea00000,0x0000005b5eb00000)]
  0x000001b9f3d8cff0 JavaThread "RMI TCP Accept-0" daemon [_thread_in_native, id=4232, stack(0x0000005b5eb00000,0x0000005b5ec00000)]
  0x000001b9f3d81040 JavaThread "RMI TCP Connection(1)-127.0.0.1" daemon [_thread_in_native, id=9236, stack(0x0000005b5ed00000,0x0000005b5ee00000)]
  0x000001b9f3e9adc0 JavaThread "RMI Scheduler(0)" daemon [_thread_blocked, id=9600, stack(0x0000005b5ee00000,0x0000005b5ef00000)]
  0x000001b9f3e67770 JavaThread "RMI TCP Connection(2)-127.0.0.1" daemon [_thread_in_native, id=9092, stack(0x0000005b5ef00000,0x0000005b5f000000)]
  0x000001b9f3ee3c20 JavaThread "JMX server connection timeout 20" daemon [_thread_blocked, id=11844, stack(0x0000005b5f000000,0x0000005b5f100000)]
  0x000001b9f50d5b30 JavaThread "background-preinit" [_thread_blocked, id=8288, stack(0x0000005b5f100000,0x0000005b5f200000)]

Other Threads:
=>0x000001b9f2b8dc70 VMThread "VM Thread" [stack: 0x0000005b5dc00000,0x0000005b5dd00000] [id=11676]
  0x000001b9f3d914c0 WatcherThread [stack: 0x0000005b5ec00000,0x0000005b5ed00000] [id=11296]
  0x000001b9e5a608d0 GCTaskThread "GC Thread#0" [stack: 0x0000005b5d700000,0x0000005b5d800000] [id=9944]
  0x000001b9f3a432c0 GCTaskThread "GC Thread#1" [stack: 0x0000005b5e800000,0x0000005b5e900000] [id=5868]
  0x000001b9e5a72730 ConcurrentGCThread "G1 Main Marker" [stack: 0x0000005b5d800000,0x0000005b5d900000] [id=12596]
  0x000001b9e5a73930 ConcurrentGCThread "G1 Conc#0" [stack: 0x0000005b5d900000,0x0000005b5da00000] [id=5504]
  0x000001b9e5adf550 ConcurrentGCThread "G1 Refine#0" [stack: 0x0000005b5da00000,0x0000005b5db00000] [id=7500]
  0x000001b9e5ae0760 ConcurrentGCThread "G1 Service" [stack: 0x0000005b5db00000,0x0000005b5dc00000] [id=6060]

Threads with active compile tasks:

VM state: at safepoint (normal execution)

VM Mutex/Monitor currently owned by a thread:  ([mutex/lock_event])
[0x000001b9e5a1a080] Threads_lock - owner thread: 0x000001b9f2b8dc70
[0x000001b9e5a1b670] Heap_lock - owner thread: 0x000001b9e5a1ff50

Heap address: 0x0000000080000000, size: 2048 MB, Compressed Oops mode: 32-bit

CDS archive(s) not mapped
Compressed class space mapped at: 0x0000000100000000-0x0000000140000000, reserved size: 1073741824
Narrow klass base: 0x0000000000000000, Narrow klass shift: 3, Narrow klass range: 0x140000000

GC Precious Log:
 CPUs: 2 total, 2 available
 Memory: 8190M
 Large Page Support: Disabled
 NUMA Support: Disabled
 Compressed Oops: Enabled (32-bit)
 Heap Region Size: 1M
 Heap Min Capacity: 8M
 Heap Initial Capacity: 128M
 Heap Max Capacity: 2G
 Pre-touch: Disabled
 Parallel Workers: 2
 Concurrent Workers: 1
 Concurrent Refinement Workers: 2
 Periodic GC: Disabled

Heap:
 garbage-first heap   total 131072K, used 11488K [0x0000000080000000, 0x0000000100000000)
  region size 1024K, 3 young (3072K), 3 survivors (3072K)
 Metaspace       used 21210K, committed 21504K, reserved 1073152K
  class space    used 2465K, committed 2624K, reserved 1048576K

Heap Regions: E=young(eden), S=young(survivor), O=old, HS=humongous(starts), HC=humongous(continues), CS=collection set, F=free, OA=open archive, CA=closed archive, TAMS=top-at-mark-start (previous, next)
|   0|0x0000000080000000, 0x0000000080100000, 0x0000000080100000|100%|HS|  |TAMS 0x0000000080000000, 0x0000000080100000| Complete 
|   1|0x0000000080100000, 0x0000000080200000, 0x0000000080200000|100%| O|  |TAMS 0x0000000080100000, 0x0000000080200000| Untracked 
|   2|0x0000000080200000, 0x0000000080300000, 0x0000000080300000|100%| O|  |TAMS 0x0000000080200000, 0x0000000080300000| Untracked 
|   3|0x0000000080300000, 0x0000000080400000, 0x0000000080400000|100%| O|  |TAMS 0x0000000080300000, 0x0000000080400000| Untracked 
|   4|0x0000000080400000, 0x0000000080500000, 0x0000000080500000|100%| O|  |TAMS 0x0000000080400000, 0x0000000080500000| Untracked 
|   5|0x0000000080500000, 0x0000000080600000, 0x0000000080600000|100%| O|  |TAMS 0x0000000080500000, 0x0000000080600000| Untracked 
|   6|0x0000000080600000, 0x0000000080700000, 0x0000000080700000|100%| O|  |TAMS 0x0000000080600000, 0x0000000080700000| Untracked 
|   7|0x0000000080700000, 0x0000000080800000, 0x0000000080800000|100%| O|  |TAMS 0x0000000080700000, 0x0000000080800000| Untracked 
|   8|0x0000000080800000, 0x0000000080838000, 0x0000000080900000| 21%| O|  |TAMS 0x0000000080800000, 0x0000000080838000| Untracked 
|   9|0x0000000080900000, 0x0000000080900000, 0x0000000080a00000|  0%| F|  |TAMS 0x0000000080900000, 0x0000000080900000| Untracked 
|  10|0x0000000080a00000, 0x0000000080a00000, 0x0000000080b00000|  0%| F|  |TAMS 0x0000000080a00000, 0x0000000080a00000| Untracked 
|  11|0x0000000080b00000, 0x0000000080b00000, 0x0000000080c00000|  0%| F|  |TAMS 0x0000000080b00000, 0x0000000080b00000| Untracked 
|  12|0x0000000080c00000, 0x0000000080c00000, 0x0000000080d00000|  0%| F|  |TAMS 0x0000000080c00000, 0x0000000080c00000| Untracked 
|  13|0x0000000080d00000, 0x0000000080d00000, 0x0000000080e00000|  0%| F|  |TAMS 0x0000000080d00000, 0x0000000080d00000| Untracked 
|  14|0x0000000080e00000, 0x0000000080e00000, 0x0000000080f00000|  0%| F|  |TAMS 0x0000000080e00000, 0x0000000080e00000| Untracked 
|  15|0x0000000080f00000, 0x0000000080f00000, 0x0000000081000000|  0%| F|  |TAMS 0x0000000080f00000, 0x0000000080f00000| Untracked 
|  16|0x0000000081000000, 0x0000000081000000, 0x0000000081100000|  0%| F|  |TAMS 0x0000000081000000, 0x0000000081000000| Untracked 
|  17|0x0000000081100000, 0x0000000081100000, 0x0000000081200000|  0%| F|  |TAMS 0x0000000081100000, 0x0000000081100000| Untracked 
|  18|0x0000000081200000, 0x0000000081200000, 0x0000000081300000|  0%| F|  |TAMS 0x0000000081200000, 0x0000000081200000| Untracked 
|  19|0x0000000081300000, 0x0000000081300000, 0x0000000081400000|  0%| F|  |TAMS 0x0000000081300000, 0x0000000081300000| Untracked 
|  20|0x0000000081400000, 0x0000000081400000, 0x0000000081500000|  0%| F|  |TAMS 0x0000000081400000, 0x0000000081400000| Untracked 
|  21|0x0000000081500000, 0x0000000081500000, 0x0000000081600000|  0%| F|  |TAMS 0x0000000081500000, 0x0000000081500000| Untracked 
|  22|0x0000000081600000, 0x0000000081600000, 0x0000000081700000|  0%| F|  |TAMS 0x0000000081600000, 0x0000000081600000| Untracked 
|  23|0x0000000081700000, 0x0000000081700000, 0x0000000081800000|  0%| F|  |TAMS 0x0000000081700000, 0x0000000081700000| Untracked 
|  24|0x0000000081800000, 0x0000000081800000, 0x0000000081900000|  0%| F|  |TAMS 0x0000000081800000, 0x0000000081800000| Untracked 
|  25|0x0000000081900000, 0x0000000081900000, 0x0000000081a00000|  0%| F|  |TAMS 0x0000000081900000, 0x0000000081900000| Untracked 
|  26|0x0000000081a00000, 0x0000000081a00000, 0x0000000081b00000|  0%| F|  |TAMS 0x0000000081a00000, 0x0000000081a00000| Untracked 
|  27|0x0000000081b00000, 0x0000000081b00000, 0x0000000081c00000|  0%| F|  |TAMS 0x0000000081b00000, 0x0000000081b00000| Untracked 
|  28|0x0000000081c00000, 0x0000000081c00000, 0x0000000081d00000|  0%| F|  |TAMS 0x0000000081c00000, 0x0000000081c00000| Untracked 
|  29|0x0000000081d00000, 0x0000000081d00000, 0x0000000081e00000|  0%| F|  |TAMS 0x0000000081d00000, 0x0000000081d00000| Untracked 
|  30|0x0000000081e00000, 0x0000000081e00000, 0x0000000081f00000|  0%| F|  |TAMS 0x0000000081e00000, 0x0000000081e00000| Untracked 
|  31|0x0000000081f00000, 0x0000000081f00000, 0x0000000082000000|  0%| F|  |TAMS 0x0000000081f00000, 0x0000000081f00000| Untracked 
|  32|0x0000000082000000, 0x0000000082000000, 0x0000000082100000|  0%| F|  |TAMS 0x0000000082000000, 0x0000000082000000| Untracked 
|  33|0x0000000082100000, 0x0000000082100000, 0x0000000082200000|  0%| F|  |TAMS 0x0000000082100000, 0x0000000082100000| Untracked 
|  34|0x0000000082200000, 0x0000000082200000, 0x0000000082300000|  0%| F|  |TAMS 0x0000000082200000, 0x0000000082200000| Untracked 
|  35|0x0000000082300000, 0x0000000082300000, 0x0000000082400000|  0%| F|  |TAMS 0x0000000082300000, 0x0000000082300000| Untracked 
|  36|0x0000000082400000, 0x0000000082400000, 0x0000000082500000|  0%| F|  |TAMS 0x0000000082400000, 0x0000000082400000| Untracked 
|  37|0x0000000082500000, 0x0000000082500000, 0x0000000082600000|  0%| F|  |TAMS 0x0000000082500000, 0x0000000082500000| Untracked 
|  38|0x0000000082600000, 0x0000000082600000, 0x0000000082700000|  0%| F|  |TAMS 0x0000000082600000, 0x0000000082600000| Untracked 
|  39|0x0000000082700000, 0x0000000082700000, 0x0000000082800000|  0%| F|  |TAMS 0x0000000082700000, 0x0000000082700000| Untracked 
|  40|0x0000000082800000, 0x0000000082800000, 0x0000000082900000|  0%| F|  |TAMS 0x0000000082800000, 0x0000000082800000| Untracked 
|  41|0x0000000082900000, 0x0000000082900000, 0x0000000082a00000|  0%| F|  |TAMS 0x0000000082900000, 0x0000000082900000| Untracked 
|  42|0x0000000082a00000, 0x0000000082a00000, 0x0000000082b00000|  0%| F|  |TAMS 0x0000000082a00000, 0x0000000082a00000| Untracked 
|  43|0x0000000082b00000, 0x0000000082b00000, 0x0000000082c00000|  0%| F|  |TAMS 0x0000000082b00000, 0x0000000082b00000| Untracked 
|  44|0x0000000082c00000, 0x0000000082c00000, 0x0000000082d00000|  0%| F|  |TAMS 0x0000000082c00000, 0x0000000082c00000| Untracked 
|  45|0x0000000082d00000, 0x0000000082d00000, 0x0000000082e00000|  0%| F|  |TAMS 0x0000000082d00000, 0x0000000082d00000| Untracked 
|  46|0x0000000082e00000, 0x0000000082e00000, 0x0000000082f00000|  0%| F|  |TAMS 0x0000000082e00000, 0x0000000082e00000| Untracked 
|  47|0x0000000082f00000, 0x0000000082f00000, 0x0000000083000000|  0%| F|  |TAMS 0x0000000082f00000, 0x0000000082f00000| Untracked 
|  48|0x0000000083000000, 0x0000000083000000, 0x0000000083100000|  0%| F|  |TAMS 0x0000000083000000, 0x0000000083000000| Untracked 
|  49|0x0000000083100000, 0x0000000083100000, 0x0000000083200000|  0%| F|  |TAMS 0x0000000083100000, 0x0000000083100000| Untracked 
|  50|0x0000000083200000, 0x0000000083200000, 0x0000000083300000|  0%| F|  |TAMS 0x0000000083200000, 0x0000000083200000| Untracked 
|  51|0x0000000083300000, 0x0000000083300000, 0x0000000083400000|  0%| F|  |TAMS 0x0000000083300000, 0x0000000083300000| Untracked 
|  52|0x0000000083400000, 0x0000000083400000, 0x0000000083500000|  0%| F|  |TAMS 0x0000000083400000, 0x0000000083400000| Untracked 
|  53|0x0000000083500000, 0x0000000083500000, 0x0000000083600000|  0%| F|  |TAMS 0x0000000083500000, 0x0000000083500000| Untracked 
|  54|0x0000000083600000, 0x0000000083600000, 0x0000000083700000|  0%| F|  |TAMS 0x0000000083600000, 0x0000000083600000| Untracked 
|  55|0x0000000083700000, 0x0000000083700000, 0x0000000083800000|  0%| F|  |TAMS 0x0000000083700000, 0x0000000083700000| Untracked 
|  56|0x0000000083800000, 0x0000000083800000, 0x0000000083900000|  0%| F|  |TAMS 0x0000000083800000, 0x0000000083800000| Untracked 
|  57|0x0000000083900000, 0x0000000083900000, 0x0000000083a00000|  0%| F|  |TAMS 0x0000000083900000, 0x0000000083900000| Untracked 
|  58|0x0000000083a00000, 0x0000000083a00000, 0x0000000083b00000|  0%| F|  |TAMS 0x0000000083a00000, 0x0000000083a00000| Untracked 
|  59|0x0000000083b00000, 0x0000000083b00000, 0x0000000083c00000|  0%| F|  |TAMS 0x0000000083b00000, 0x0000000083b00000| Untracked 
|  60|0x0000000083c00000, 0x0000000083c00000, 0x0000000083d00000|  0%| F|  |TAMS 0x0000000083c00000, 0x0000000083c00000| Untracked 
|  61|0x0000000083d00000, 0x0000000083d00000, 0x0000000083e00000|  0%| F|  |TAMS 0x0000000083d00000, 0x0000000083d00000| Untracked 
|  62|0x0000000083e00000, 0x0000000083e00000, 0x0000000083f00000|  0%| F|  |TAMS 0x0000000083e00000, 0x0000000083e00000| Untracked 
|  63|0x0000000083f00000, 0x0000000083f00000, 0x0000000084000000|  0%| F|  |TAMS 0x0000000083f00000, 0x0000000083f00000| Untracked 
|  64|0x0000000084000000, 0x0000000084000000, 0x0000000084100000|  0%| F|  |TAMS 0x0000000084000000, 0x0000000084000000| Untracked 
|  65|0x0000000084100000, 0x0000000084100000, 0x0000000084200000|  0%| F|  |TAMS 0x0000000084100000, 0x0000000084100000| Untracked 
|  66|0x0000000084200000, 0x0000000084200000, 0x0000000084300000|  0%| F|  |TAMS 0x0000000084200000, 0x0000000084200000| Untracked 
|  67|0x0000000084300000, 0x0000000084300000, 0x0000000084400000|  0%| F|  |TAMS 0x0000000084300000, 0x0000000084300000| Untracked 
|  68|0x0000000084400000, 0x0000000084400000, 0x0000000084500000|  0%| F|  |TAMS 0x0000000084400000, 0x0000000084400000| Untracked 
|  69|0x0000000084500000, 0x0000000084500000, 0x0000000084600000|  0%| F|  |TAMS 0x0000000084500000, 0x0000000084500000| Untracked 
|  70|0x0000000084600000, 0x0000000084600000, 0x0000000084700000|  0%| F|  |TAMS 0x0000000084600000, 0x0000000084600000| Untracked 
|  71|0x0000000084700000, 0x0000000084700000, 0x0000000084800000|  0%| F|  |TAMS 0x0000000084700000, 0x0000000084700000| Untracked 
|  72|0x0000000084800000, 0x0000000084800000, 0x0000000084900000|  0%| F|  |TAMS 0x0000000084800000, 0x0000000084800000| Untracked 
|  73|0x0000000084900000, 0x0000000084900000, 0x0000000084a00000|  0%| F|  |TAMS 0x0000000084900000, 0x0000000084900000| Untracked 
|  74|0x0000000084a00000, 0x0000000084a00000, 0x0000000084b00000|  0%| F|  |TAMS 0x0000000084a00000, 0x0000000084a00000| Untracked 
|  75|0x0000000084b00000, 0x0000000084b00000, 0x0000000084c00000|  0%| F|  |TAMS 0x0000000084b00000, 0x0000000084b00000| Untracked 
|  76|0x0000000084c00000, 0x0000000084c00000, 0x0000000084d00000|  0%| F|  |TAMS 0x0000000084c00000, 0x0000000084c00000| Untracked 
|  77|0x0000000084d00000, 0x0000000084d00000, 0x0000000084e00000|  0%| F|  |TAMS 0x0000000084d00000, 0x0000000084d00000| Untracked 
|  78|0x0000000084e00000, 0x0000000084e00000, 0x0000000084f00000|  0%| F|  |TAMS 0x0000000084e00000, 0x0000000084e00000| Untracked 
|  79|0x0000000084f00000, 0x0000000084f00000, 0x0000000085000000|  0%| F|  |TAMS 0x0000000084f00000, 0x0000000084f00000| Untracked 
|  80|0x0000000085000000, 0x0000000085000000, 0x0000000085100000|  0%| F|  |TAMS 0x0000000085000000, 0x0000000085000000| Untracked 
|  81|0x0000000085100000, 0x0000000085100000, 0x0000000085200000|  0%| F|  |TAMS 0x0000000085100000, 0x0000000085100000| Untracked 
|  82|0x0000000085200000, 0x0000000085200000, 0x0000000085300000|  0%| F|  |TAMS 0x0000000085200000, 0x0000000085200000| Untracked 
|  83|0x0000000085300000, 0x0000000085300000, 0x0000000085400000|  0%| F|  |TAMS 0x0000000085300000, 0x0000000085300000| Untracked 
|  84|0x0000000085400000, 0x0000000085400000, 0x0000000085500000|  0%| F|  |TAMS 0x0000000085400000, 0x0000000085400000| Untracked 
|  85|0x0000000085500000, 0x0000000085500000, 0x0000000085600000|  0%| F|  |TAMS 0x0000000085500000, 0x0000000085500000| Untracked 
|  86|0x0000000085600000, 0x0000000085600000, 0x0000000085700000|  0%| F|  |TAMS 0x0000000085600000, 0x0000000085600000| Untracked 
|  87|0x0000000085700000, 0x0000000085700000, 0x0000000085800000|  0%| F|  |TAMS 0x0000000085700000, 0x0000000085700000| Untracked 
|  88|0x0000000085800000, 0x0000000085800000, 0x0000000085900000|  0%| F|  |TAMS 0x0000000085800000, 0x0000000085800000| Untracked 
|  89|0x0000000085900000, 0x0000000085900000, 0x0000000085a00000|  0%| F|  |TAMS 0x0000000085900000, 0x0000000085900000| Untracked 
|  90|0x0000000085a00000, 0x0000000085a00000, 0x0000000085b00000|  0%| F|  |TAMS 0x0000000085a00000, 0x0000000085a00000| Untracked 
|  91|0x0000000085b00000, 0x0000000085b00000, 0x0000000085c00000|  0%| F|  |TAMS 0x0000000085b00000, 0x0000000085b00000| Untracked 
|  92|0x0000000085c00000, 0x0000000085c00000, 0x0000000085d00000|  0%| F|  |TAMS 0x0000000085c00000, 0x0000000085c00000| Untracked 
|  93|0x0000000085d00000, 0x0000000085d00000, 0x0000000085e00000|  0%| F|  |TAMS 0x0000000085d00000, 0x0000000085d00000| Untracked 
|  94|0x0000000085e00000, 0x0000000085e00000, 0x0000000085f00000|  0%| F|  |TAMS 0x0000000085e00000, 0x0000000085e00000| Untracked 
|  95|0x0000000085f00000, 0x0000000085f00000, 0x0000000086000000|  0%| F|  |TAMS 0x0000000085f00000, 0x0000000085f00000| Untracked 
|  96|0x0000000086000000, 0x0000000086000000, 0x0000000086100000|  0%| F|  |TAMS 0x0000000086000000, 0x0000000086000000| Untracked 
|  97|0x0000000086100000, 0x0000000086100000, 0x0000000086200000|  0%| F|  |TAMS 0x0000000086100000, 0x0000000086100000| Untracked 
|  98|0x0000000086200000, 0x0000000086200000, 0x0000000086300000|  0%| F|  |TAMS 0x0000000086200000, 0x0000000086200000| Untracked 
|  99|0x0000000086300000, 0x0000000086300000, 0x0000000086400000|  0%| F|  |TAMS 0x0000000086300000, 0x0000000086300000| Untracked 
| 100|0x0000000086400000, 0x0000000086400000, 0x0000000086500000|  0%| F|  |TAMS 0x0000000086400000, 0x0000000086400000| Untracked 
| 101|0x0000000086500000, 0x0000000086500000, 0x0000000086600000|  0%| F|  |TAMS 0x0000000086500000, 0x0000000086500000| Untracked 
| 102|0x0000000086600000, 0x0000000086600000, 0x0000000086700000|  0%| F|  |TAMS 0x0000000086600000, 0x0000000086600000| Untracked 
| 103|0x0000000086700000, 0x0000000086700000, 0x0000000086800000|  0%| F|  |TAMS 0x0000000086700000, 0x0000000086700000| Untracked 
| 104|0x0000000086800000, 0x0000000086800000, 0x0000000086900000|  0%| F|  |TAMS 0x0000000086800000, 0x0000000086800000| Untracked 
| 105|0x0000000086900000, 0x0000000086900000, 0x0000000086a00000|  0%| F|  |TAMS 0x0000000086900000, 0x0000000086900000| Untracked 
| 106|0x0000000086a00000, 0x0000000086a00000, 0x0000000086b00000|  0%| F|  |TAMS 0x0000000086a00000, 0x0000000086a00000| Untracked 
| 107|0x0000000086b00000, 0x0000000086b00000, 0x0000000086c00000|  0%| F|  |TAMS 0x0000000086b00000, 0x0000000086b00000| Untracked 
| 108|0x0000000086c00000, 0x0000000086c00000, 0x0000000086d00000|  0%| F|  |TAMS 0x0000000086c00000, 0x0000000086c00000| Untracked 
| 109|0x0000000086d00000, 0x0000000086e00000, 0x0000000086e00000|100%| S|CS|TAMS 0x0000000086d00000, 0x0000000086d00000| Complete 
| 110|0x0000000086e00000, 0x0000000086f00000, 0x0000000086f00000|100%| S|CS|TAMS 0x0000000086e00000, 0x0000000086e00000| Complete 
| 111|0x0000000086f00000, 0x0000000086f00000, 0x0000000087000000|  0%| F|  |TAMS 0x0000000086f00000, 0x0000000086f00000| Untracked 
| 112|0x0000000087000000, 0x0000000087000000, 0x0000000087100000|  0%| F|  |TAMS 0x0000000087000000, 0x0000000087000000| Untracked 
| 113|0x0000000087100000, 0x0000000087200000, 0x0000000087200000|100%| S|CS|TAMS 0x0000000087100000, 0x0000000087100000| Complete 
| 114|0x0000000087200000, 0x0000000087200000, 0x0000000087300000|  0%| F|  |TAMS 0x0000000087200000, 0x0000000087200000| Untracked 
| 115|0x0000000087300000, 0x0000000087300000, 0x0000000087400000|  0%| F|  |TAMS 0x0000000087300000, 0x0000000087300000| Untracked 
| 116|0x0000000087400000, 0x0000000087400000, 0x0000000087500000|  0%| F|  |TAMS 0x0000000087400000, 0x0000000087400000| Untracked 
| 117|0x0000000087500000, 0x0000000087500000, 0x0000000087600000|  0%| F|  |TAMS 0x0000000087500000, 0x0000000087500000| Untracked 
| 118|0x0000000087600000, 0x0000000087600000, 0x0000000087700000|  0%| F|  |TAMS 0x0000000087600000, 0x0000000087600000| Untracked 
| 119|0x0000000087700000, 0x0000000087700000, 0x0000000087800000|  0%| F|  |TAMS 0x0000000087700000, 0x0000000087700000| Untracked 
| 120|0x0000000087800000, 0x0000000087800000, 0x0000000087900000|  0%| F|  |TAMS 0x0000000087800000, 0x0000000087800000| Untracked 
| 121|0x0000000087900000, 0x0000000087900000, 0x0000000087a00000|  0%| F|  |TAMS 0x0000000087900000, 0x0000000087900000| Untracked 
| 122|0x0000000087a00000, 0x0000000087a00000, 0x0000000087b00000|  0%| F|  |TAMS 0x0000000087a00000, 0x0000000087a00000| Untracked 
| 123|0x0000000087b00000, 0x0000000087b00000, 0x0000000087c00000|  0%| F|  |TAMS 0x0000000087b00000, 0x0000000087b00000| Untracked 
| 124|0x0000000087c00000, 0x0000000087c00000, 0x0000000087d00000|  0%| F|  |TAMS 0x0000000087c00000, 0x0000000087c00000| Untracked 
| 125|0x0000000087d00000, 0x0000000087d00000, 0x0000000087e00000|  0%| F|  |TAMS 0x0000000087d00000, 0x0000000087d00000| Untracked 
| 126|0x0000000087e00000, 0x0000000087e00000, 0x0000000087f00000|  0%| F|  |TAMS 0x0000000087e00000, 0x0000000087e00000| Untracked 
| 127|0x0000000087f00000, 0x0000000087f00000, 0x0000000088000000|  0%| F|  |TAMS 0x0000000087f00000, 0x0000000087f00000| Untracked 

Card table byte_map: [0x000001b9ec0d0000,0x000001b9ec4d0000] _byte_map_base: 0x000001b9ebcd0000

Marking Bits (Prev, Next): (CMBitMap*) 0x000001b9e5a61e00, (CMBitMap*) 0x000001b9e5a61e40
 Prev Bits: [0x000001b9ec8d0000, 0x000001b9ee8d0000)
 Next Bits: [0x000001b9ee8d0000, 0x000001b9f08d0000)

Polling page: 0x000001b9e38e0000

Metaspace:

Usage:
  Non-class:     18.31 MB used.
      Class:      2.41 MB used.
       Both:     20.71 MB used.

Virtual space:
  Non-class space:       24.00 MB reserved,      18.44 MB ( 77%) committed,  3 nodes.
      Class space:        1.00 GB reserved,       2.56 MB ( <1%) committed,  1 nodes.
             Both:        1.02 GB reserved,      21.00 MB (  2%) committed. 

Chunk freelists:
   Non-Class:  640.00 KB
       Class:  1.47 MB
        Both:  2.09 MB

MaxMetaspaceSize: unlimited
CompressedClassSpaceSize: 1.00 GB
Initial GC threshold: 21.00 MB
Current GC threshold: 21.00 MB
CDS: off
MetaspaceReclaimPolicy: balanced
 - commit_granule_bytes: 65536.
 - commit_granule_words: 8192.
 - virtual_space_node_default_size: 1048576.
 - enlarge_chunks_in_place: 1.
 - new_chunks_are_fully_committed: 0.
 - uncommit_free_chunks: 1.
 - use_allocation_guard: 0.
 - handle_deallocations: 1.


Internal statistics:

num_allocs_failed_limit: 5.
num_arena_births: 280.
num_arena_deaths: 0.
num_vsnodes_births: 4.
num_vsnodes_deaths: 0.
num_space_committed: 336.
num_space_uncommitted: 0.
num_chunks_returned_to_freelist: 5.
num_chunks_taken_from_freelist: 633.
num_chunk_merges: 5.
num_chunk_splits: 392.
num_chunks_enlarged: 250.
num_purges: 0.
num_inconsistent_stats: 0.

CodeCache: size=49152Kb used=4723Kb max_used=4723Kb free=44428Kb
 bounds [0x000001b9e90d0000, 0x000001b9e9570000, 0x000001b9ec0d0000]
 total_blobs=2513 nmethods=2045 adapters=394
 compilation: enabled
              stopped_count=0, restarted_count=0
 full_count=0

Compilation events (20 events):
Event: 4.504 Thread 0x000001b9f2bd5fb0 2032       1       java.util.BitSet::get (69 bytes)
Event: 4.505 Thread 0x000001b9f2bd5fb0 nmethod 2032 0x000001b9e9568190 code [0x000001b9e9568380, 0x000001b9e95687e8]
Event: 4.523 Thread 0x000001b9f2bd5fb0 2033       1       java.lang.invoke.MethodType::dropParameterTypes (162 bytes)
Event: 4.524 Thread 0x000001b9f2bd5fb0 nmethod 2033 0x000001b9e9568a10 code [0x000001b9e9568c60, 0x000001b9e9569308]
Event: 4.526 Thread 0x000001b9f35ec590 2034       1       java.util.Arrays::asList (9 bytes)
Event: 4.526 Thread 0x000001b9f35ec590 nmethod 2034 0x000001b9e9569690 code [0x000001b9e9569840, 0x000001b9e9569a48]
Event: 4.526 Thread 0x000001b9f35ec590 2035       1       java.util.Arrays$ArrayList::<init> (16 bytes)
Event: 4.527 Thread 0x000001b9f35ec590 nmethod 2035 0x000001b9e9569b10 code [0x000001b9e9569ca0, 0x000001b9e9569e68]
Event: 4.529 Thread 0x000001b9f35ec590 2036       1       ch.qos.logback.classic.Logger::getChildByName (68 bytes)
Event: 4.529 Thread 0x000001b9f35ec590 nmethod 2036 0x000001b9e9569f10 code [0x000001b9e956a0e0, 0x000001b9e956a328]
Event: 4.529 Thread 0x000001b9f35ec590 2037       1       java.lang.ClassLoader::getUnnamedModule (5 bytes)
Event: 4.529 Thread 0x000001b9f35ec590 nmethod 2037 0x000001b9e956a490 code [0x000001b9e956a620, 0x000001b9e956a6f8]
Event: 4.534 Thread 0x000001b9f2bd5fb0 2038       1       java.lang.reflect.Constructor::checkCanSetAccessible (29 bytes)
Event: 4.534 Thread 0x000001b9f2bd5fb0 nmethod 2038 0x000001b9e956a790 code [0x000001b9e956a940, 0x000001b9e956aad8]
Event: 4.539 Thread 0x000001b9f35ec590 2039       1       java.util.Arrays::fill (28 bytes)
Event: 4.539 Thread 0x000001b9f35ec590 nmethod 2039 0x000001b9e956ab90 code [0x000001b9e956ad40, 0x000001b9e956af48]
Event: 4.542 Thread 0x000001b9f2bd5fb0 2041       1       java.lang.invoke.LambdaFormBuffer::indexOf (33 bytes)
Event: 4.542 Thread 0x000001b9f2bd5fb0 nmethod 2041 0x000001b9e956b390 code [0x000001b9e956b540, 0x000001b9e956b6b8]
Event: 4.557 Thread 0x000001b9f2bd5fb0 2045       1       ch.qos.logback.classic.util.ContextSelectorStaticBinder::getContextSelector (5 bytes)
Event: 4.557 Thread 0x000001b9f2bd5fb0 nmethod 2045 0x000001b9e956c990 code [0x000001b9e956cb20, 0x000001b9e956cbf8]

GC Heap History (9 events):
Event: 1.425 GC heap before
{Heap before GC invocations=0 (full 0):
 garbage-first heap   total 131072K, used 6144K [0x0000000080000000, 0x0000000100000000)
  region size 1024K, 6 young (6144K), 0 survivors (0K)
 Metaspace       used 6350K, committed 6464K, reserved 1056768K
  class space    used 543K, committed 576K, reserved 1048576K
}
Event: 1.469 GC heap after
{Heap after GC invocations=1 (full 0):
 garbage-first heap   total 131072K, used 4768K [0x0000000080000000, 0x0000000100000000)
  region size 1024K, 1 young (1024K), 1 survivors (1024K)
 Metaspace       used 6350K, committed 6464K, reserved 1056768K
  class space    used 543K, committed 576K, reserved 1048576K
}
Event: 1.920 GC heap before
{Heap before GC invocations=1 (full 0):
 garbage-first heap   total 131072K, used 9888K [0x0000000080000000, 0x0000000100000000)
  region size 1024K, 6 young (6144K), 1 survivors (1024K)
 Metaspace       used 9354K, committed 9536K, reserved 1064960K
  class space    used 904K, committed 960K, reserved 1048576K
}
Event: 1.926 GC heap after
{Heap after GC invocations=2 (full 0):
 garbage-first heap   total 131072K, used 7168K [0x0000000080000000, 0x0000000100000000)
  region size 1024K, 1 young (1024K), 1 survivors (1024K)
 Metaspace       used 9354K, committed 9536K, reserved 1064960K
  class space    used 904K, committed 960K, reserved 1048576K
}
Event: 3.002 GC heap before
{Heap before GC invocations=2 (full 0):
 garbage-first heap   total 131072K, used 14336K [0x0000000080000000, 0x0000000100000000)
  region size 1024K, 8 young (8192K), 1 survivors (1024K)
 Metaspace       used 14399K, committed 14592K, reserved 1064960K
  class space    used 1498K, committed 1600K, reserved 1048576K
}
Event: 3.020 GC heap after
{Heap after GC invocations=3 (full 0):
 garbage-first heap   total 131072K, used 8969K [0x0000000080000000, 0x0000000100000000)
  region size 1024K, 1 young (1024K), 1 survivors (1024K)
 Metaspace       used 14399K, committed 14592K, reserved 1064960K
  class space    used 1498K, committed 1600K, reserved 1048576K
}
Event: 3.898 GC heap before
{Heap before GC invocations=3 (full 0):
 garbage-first heap   total 131072K, used 23305K [0x0000000080000000, 0x0000000100000000)
  region size 1024K, 15 young (15360K), 1 survivors (1024K)
 Metaspace       used 18258K, committed 18432K, reserved 1073152K
  class space    used 2004K, committed 2112K, reserved 1048576K
}
Event: 3.909 GC heap after
{Heap after GC invocations=4 (full 0):
 garbage-first heap   total 131072K, used 10464K [0x0000000080000000, 0x0000000100000000)
  region size 1024K, 2 young (2048K), 2 survivors (2048K)
 Metaspace       used 18258K, committed 18432K, reserved 1073152K
  class space    used 2004K, committed 2112K, reserved 1048576K
}
Event: 4.562 GC heap before
{Heap before GC invocations=4 (full 0):
 garbage-first heap   total 131072K, used 22752K [0x0000000080000000, 0x0000000100000000)
  region size 1024K, 16 young (16384K), 2 survivors (2048K)
 Metaspace       used 21210K, committed 21504K, reserved 1073152K
  class space    used 2465K, committed 2624K, reserved 1048576K
}

Deoptimization events (2 events):
Event: 1.766 Thread 0x000001b9e5a1ff50 DEOPT PACKING pc=0x000001b9e9316b75 sp=0x0000005b5d6fcf30
Event: 1.766 Thread 0x000001b9e5a1ff50 DEOPT UNPACKING pc=0x000001b9e9122b43 sp=0x0000005b5d6fc3a0 mode 3

Classes unloaded (0 events):
No events

Classes redefined (0 events):
No events

Internal exceptions (20 events):
Event: 4.188 Thread 0x000001b9e5a1ff50 Exception <a 'java/lang/NoSuchMethodError'{0x0000000087d51bd0}: 'java.lang.Object java.lang.invoke.DirectMethodHandle$Holder.newInvokeSpecial(java.lang.Object, java.lang.Object, java.lang.Object, java.lang.Object, java.lang.Object, java.lang.Object, int)'> (0x0000000087d51bd0) 
thrown [e:\jenkins\tmp\workspace\build\src\src\hotspot\share\interpreter\linkResolver.cpp, line 766]
Event: 4.188 Thread 0x000001b9e5a1ff50 Exception <a 'java/lang/NoSuchMethodError'{0x0000000087d56c10}: 'java.lang.Object java.lang.invoke.DirectMethodHandle$Holder.invokeSpecial(java.lang.Object, java.lang.Object, java.lang.Object, java.lang.Object, java.lang.Object, java.lang.Object, java.lang.Object, int)'> (0x0000000087d56c10) 
thrown [e:\jenkins\tmp\workspace\build\src\src\hotspot\share\interpreter\linkResolver.cpp, line 766]
Event: 4.260 Thread 0x000001b9e5a1ff50 Exception <a 'java/lang/NoSuchMethodError'{0x0000000087cf4f60}: 'int java.lang.invoke.DirectMethodHandle$Holder.invokeVirtual(java.lang.Object, java.lang.Object)'> (0x0000000087cf4f60) 
thrown [e:\jenkins\tmp\workspace\build\src\src\hotspot\share\interpreter\linkResolver.cpp, line 766]
Event: 4.295 Thread 0x000001b9e5a1ff50 Exception <a 'java/lang/NoSuchMethodError'{0x0000000087b459e8}: 'java.lang.Object java.lang.invoke.DirectMethodHandle$Holder.invokeSpecial(java.lang.Object, java.lang.Object, java.lang.Object, int, java.lang.Object)'> (0x0000000087b459e8) 
thrown [e:\jenkins\tmp\workspace\build\src\src\hotspot\share\interpreter\linkResolver.cpp, line 766]
Event: 4.299 Thread 0x000001b9e5a1ff50 Exception <a 'java/lang/NoSuchMethodError'{0x0000000087b4df58}: 'java.lang.Object java.lang.invoke.DirectMethodHandle$Holder.newInvokeSpecial(java.lang.Object, java.lang.Object, java.lang.Object, int, java.lang.Object)'> (0x0000000087b4df58) 
thrown [e:\jenkins\tmp\workspace\build\src\src\hotspot\share\interpreter\linkResolver.cpp, line 766]
Event: 4.301 Thread 0x000001b9e5a1ff50 Exception <a 'java/lang/NoSuchMethodError'{0x0000000087b64e28}: 'java.lang.Object java.lang.invoke.DirectMethodHandle$Holder.newInvokeSpecial(java.lang.Object, int, java.lang.Object)'> (0x0000000087b64e28) 
thrown [e:\jenkins\tmp\workspace\build\src\src\hotspot\share\interpreter\linkResolver.cpp, line 766]
Event: 4.302 Thread 0x000001b9e5a1ff50 Exception <a 'java/lang/NoSuchMethodError'{0x0000000087b68c70}: 'int java.lang.invoke.DirectMethodHandle$Holder.invokeSpecialIFC(java.lang.Object, java.lang.Object, java.lang.Object, java.lang.Object)'> (0x0000000087b68c70) 
thrown [e:\jenkins\tmp\workspace\build\src\src\hotspot\share\interpreter\linkResolver.cpp, line 766]
Event: 4.334 Thread 0x000001b9e5a1ff50 Exception <a 'java/lang/NoSuchMethodError'{0x0000000087a24350}: 'java.lang.Object java.lang.invoke.DirectMethodHandle$Holder.invokeInterface(java.lang.Object, java.lang.Object)'> (0x0000000087a24350) 
thrown [e:\jenkins\tmp\workspace\build\src\src\hotspot\share\interpreter\linkResolver.cpp, line 766]
Event: 4.338 Thread 0x000001b9e5a1ff50 Exception <a 'java/lang/NoSuchMethodError'{0x0000000087a36108}: 'void java.lang.invoke.DirectMethodHandle$Holder.invokeInterface(java.lang.Object, java.lang.Object, java.lang.Object)'> (0x0000000087a36108) 
thrown [e:\jenkins\tmp\workspace\build\src\src\hotspot\share\interpreter\linkResolver.cpp, line 766]
Event: 4.370 Thread 0x000001b9f3e67770 Exception <a 'java/lang/reflect/InvocationTargetException'{0x0000000087af0790}> (0x0000000087af0790) 
thrown [e:\jenkins\tmp\workspace\build\src\src\hotspot\share\runtime\reflection.cpp, line 1121]
Event: 4.385 Thread 0x000001b9e5a1ff50 Exception <a 'java/lang/NoSuchMethodError'{0x0000000087ada1c8}: 'java.lang.Object java.lang.invoke.DirectMethodHandle$Holder.invokeVirtual(java.lang.Object, java.lang.Object, java.lang.Object)'> (0x0000000087ada1c8) 
thrown [e:\jenkins\tmp\workspace\build\src\src\hotspot\share\interpreter\linkResolver.cpp, line 766]
Event: 4.409 Thread 0x000001b9e5a1ff50 Exception <a 'java/lang/NoSuchMethodError'{0x0000000087992488}: 'void java.lang.invoke.DirectMethodHandle$Holder.invokeStatic(java.lang.Object, java.lang.Object, int)'> (0x0000000087992488) 
thrown [e:\jenkins\tmp\workspace\build\src\src\hotspot\share\interpreter\linkResolver.cpp, line 766]
Event: 4.411 Thread 0x000001b9e5a1ff50 Exception <a 'java/lang/NoSuchMethodError'{0x000000008799a178}: 'void java.lang.invoke.DirectMethodHandle$Holder.invokeStaticInit(java.lang.Object, java.lang.Object)'> (0x000000008799a178) 
thrown [e:\jenkins\tmp\workspace\build\src\src\hotspot\share\interpreter\linkResolver.cpp, line 766]
Event: 4.413 Thread 0x000001b9e5a1ff50 Exception <a 'java/lang/NoSuchMethodError'{0x00000000879a79a0}: 'void java.lang.invoke.DirectMethodHandle$Holder.invokeStaticInit(java.lang.Object, java.lang.Object, java.lang.Object)'> (0x00000000879a79a0) 
thrown [e:\jenkins\tmp\workspace\build\src\src\hotspot\share\interpreter\linkResolver.cpp, line 766]
Event: 4.430 Thread 0x000001b9e5a1ff50 Exception <a 'java/lang/NoSuchMethodError'{0x0000000087804898}: 'void java.lang.invoke.DirectMethodHandle$Holder.invokeVirtual(java.lang.Object, java.lang.Object, java.lang.Object, java.lang.Object)'> (0x0000000087804898) 
thrown [e:\jenkins\tmp\workspace\build\src\src\hotspot\share\interpreter\linkResolver.cpp, line 766]
Event: 4.481 Thread 0x000001b9e5a1ff50 Exception <a 'java/lang/NoSuchMethodError'{0x0000000087772678}: 'void java.lang.invoke.DirectMethodHandle$Holder.invokeSpecial(java.lang.Object, java.lang.Object, java.lang.Object)'> (0x0000000087772678) 
thrown [e:\jenkins\tmp\workspace\build\src\src\hotspot\share\interpreter\linkResolver.cpp, line 766]
Event: 4.482 Thread 0x000001b9e5a1ff50 Exception <a 'java/lang/NoSuchMethodError'{0x0000000087778bd8}: 'void java.lang.invoke.DirectMethodHandle$Holder.invokeSpecial(java.lang.Object, java.lang.Object, java.lang.Object, java.lang.Object, java.lang.Object)'> (0x0000000087778bd8) 
thrown [e:\jenkins\tmp\workspace\build\src\src\hotspot\share\interpreter\linkResolver.cpp, line 766]
Event: 4.493 Thread 0x000001b9f50d5b30 Exception <a 'java/lang/NoClassDefFoundError'{0x000000008760a658}: javax/validation/Validation> (0x000000008760a658) 
thrown [e:\jenkins\tmp\workspace\build\src\src\hotspot\share\classfile\systemDictionary.cpp, line 245]
Event: 4.533 Thread 0x000001b9f50d5b30 Exception <a 'java/lang/NoSuchMethodError'{0x00000000874d01e0}: 'java.lang.Object java.lang.invoke.DirectMethodHandle$Holder.invokeStaticInit(java.lang.Object, java.lang.Object, java.lang.Object)'> (0x00000000874d01e0) 
thrown [e:\jenkins\tmp\workspace\build\src\src\hotspot\share\interpreter\linkResolver.cpp, line 766]
Event: 4.533 Thread 0x000001b9f50d5b30 Exception <a 'java/lang/NoSuchMethodError'{0x00000000874d60d0}: 'java.lang.Object java.lang.invoke.DirectMethodHandle$Holder.invokeStaticInit(java.lang.Object, java.lang.Object, java.lang.Object, java.lang.Object, java.lang.Object)'> (0x00000000874d60d0) 
thrown [e:\jenkins\tmp\workspace\build\src\src\hotspot\share\interpreter\linkResolver.cpp, line 766]

VM Operations (20 events):
Event: 2.024 Executing VM operation: HandshakeAllThreads done
Event: 2.333 Executing VM operation: HandshakeAllThreads
Event: 2.333 Executing VM operation: HandshakeAllThreads done
Event: 2.619 Executing VM operation: HandshakeAllThreads
Event: 2.643 Executing VM operation: HandshakeAllThreads done
Event: 3.002 Executing VM operation: G1CollectForAllocation
Event: 3.020 Executing VM operation: G1CollectForAllocation done
Event: 3.069 Executing VM operation: HandshakeAllThreads
Event: 3.069 Executing VM operation: HandshakeAllThreads done
Event: 3.338 Executing VM operation: HandshakeAllThreads
Event: 3.338 Executing VM operation: HandshakeAllThreads done
Event: 3.553 Executing VM operation: HandshakeAllThreads
Event: 3.554 Executing VM operation: HandshakeAllThreads done
Event: 3.898 Executing VM operation: G1CollectForAllocation
Event: 3.910 Executing VM operation: G1CollectForAllocation done
Event: 3.969 Executing VM operation: HandshakeAllThreads
Event: 3.969 Executing VM operation: HandshakeAllThreads done
Event: 4.257 Executing VM operation: HandshakeAllThreads
Event: 4.257 Executing VM operation: HandshakeAllThreads done
Event: 4.562 Executing VM operation: CollectForMetadataAllocation

Events (20 events):
Event: 4.550 loading class jdk/xml/internal/JdkProperty$ImplPropMap
Event: 4.550 loading class jdk/xml/internal/JdkProperty$ImplPropMap done
Event: 4.550 loading class jdk/xml/internal/JdkProperty$State
Event: 4.550 loading class jdk/xml/internal/JdkProperty$State done
Event: 4.551 loading class com/sun/org/apache/xalan/internal/utils/XMLSecurityPropertyManager
Event: 4.551 loading class com/sun/org/apache/xalan/internal/utils/FeaturePropertyBase
Event: 4.551 loading class com/sun/org/apache/xalan/internal/utils/FeaturePropertyBase done
Event: 4.551 loading class com/sun/org/apache/xalan/internal/utils/XMLSecurityPropertyManager done
Event: 4.551 loading class com/sun/org/apache/xalan/internal/utils/FeaturePropertyBase$State
Event: 4.551 loading class com/sun/org/apache/xalan/internal/utils/FeaturePropertyBase$State done
Event: 4.551 loading class com/sun/org/apache/xalan/internal/utils/XMLSecurityPropertyManager$Property
Event: 4.551 loading class com/sun/org/apache/xalan/internal/utils/XMLSecurityPropertyManager$Property done
Event: 4.551 loading class com/sun/org/apache/xalan/internal/utils/XMLSecurityManager
Event: 4.552 loading class com/sun/org/apache/xalan/internal/utils/XMLSecurityManager done
Event: 4.552 loading class com/sun/org/apache/xalan/internal/utils/XMLSecurityManager$Limit
Event: 4.552 loading class com/sun/org/apache/xalan/internal/utils/XMLSecurityManager$Limit done
Event: 4.552 loading class com/sun/org/apache/xalan/internal/utils/XMLSecurityManager$NameMap
Event: 4.552 loading class com/sun/org/apache/xalan/internal/utils/XMLSecurityManager$NameMap done
Event: 4.552 loading class jdk/xml/internal/JdkProperty
Event: 4.553 loading class jdk/xml/internal/JdkProperty done


Dynamic libraries:
0x00007ff6fde10000 - 0x00007ff6fde1e000 	C:\Users\sfjbs\Downloads\spring-20220601T073618Z-001\spring\spring\sts-4.14.1.RELEASE\plugins\org.eclipse.justj.openjdk.hotspot.jre.full.win32.x86_64_17.0.2.v20220201-1208\jre\bin\javaw.exe
0x00007ff84f530000 - 0x00007ff84f727000 	C:\Windows\SYSTEM32\ntdll.dll
0x00007ff84e9f0000 - 0x00007ff84eaad000 	C:\Windows\System32\KERNEL32.DLL
0x00007ff84d160000 - 0x00007ff84d42d000 	C:\Windows\System32\KERNELBASE.dll
0x00007ff84d060000 - 0x00007ff84d160000 	C:\Windows\System32\ucrtbase.dll
0x00007ff8391d0000 - 0x00007ff8391e8000 	C:\Users\sfjbs\Downloads\spring-20220601T073618Z-001\spring\spring\sts-4.14.1.RELEASE\plugins\org.eclipse.justj.openjdk.hotspot.jre.full.win32.x86_64_17.0.2.v20220201-1208\jre\bin\jli.dll
0x00007ff84ee10000 - 0x00007ff84efb0000 	C:\Windows\System32\USER32.dll
0x00007ff84cc50000 - 0x00007ff84cc72000 	C:\Windows\System32\win32u.dll
0x00007ff84dda0000 - 0x00007ff84ddca000 	C:\Windows\System32\GDI32.dll
0x00007ff84cf50000 - 0x00007ff84d05b000 	C:\Windows\System32\gdi32full.dll
0x00007ff84d4f0000 - 0x00007ff84d58d000 	C:\Windows\System32\msvcp_win.dll
0x00007ff836320000 - 0x00007ff836339000 	C:\Users\sfjbs\Downloads\spring-20220601T073618Z-001\spring\spring\sts-4.14.1.RELEASE\plugins\org.eclipse.justj.openjdk.hotspot.jre.full.win32.x86_64_17.0.2.v20220201-1208\jre\bin\VCRUNTIME140.dll
0x00007ff82eaf0000 - 0x00007ff82ed8a000 	C:\Windows\WinSxS\amd64_microsoft.windows.common-controls_6595b64144ccf1df_6.0.19041.1110_none_60b5254171f9507e\COMCTL32.dll
0x00007ff84f3c0000 - 0x00007ff84f45e000 	C:\Windows\System32\msvcrt.dll
0x00007ff84f270000 - 0x00007ff84f2a0000 	C:\Windows\System32\IMM32.DLL
0x00007ff83ffd0000 - 0x00007ff83ffdc000 	C:\Users\sfjbs\Downloads\spring-20220601T073618Z-001\spring\spring\sts-4.14.1.RELEASE\plugins\org.eclipse.justj.openjdk.hotspot.jre.full.win32.x86_64_17.0.2.v20220201-1208\jre\bin\vcruntime140_1.dll
0x00007ff835360000 - 0x00007ff8353f1000 	C:\Users\sfjbs\Downloads\spring-20220601T073618Z-001\spring\spring\sts-4.14.1.RELEASE\plugins\org.eclipse.justj.openjdk.hotspot.jre.full.win32.x86_64_17.0.2.v20220201-1208\jre\bin\msvcp140.dll
0x00007ff813d60000 - 0x00007ff8149a7000 	C:\Users\sfjbs\Downloads\spring-20220601T073618Z-001\spring\spring\sts-4.14.1.RELEASE\plugins\org.eclipse.justj.openjdk.hotspot.jre.full.win32.x86_64_17.0.2.v20220201-1208\jre\bin\server\jvm.dll
0x00007ff84ddd0000 - 0x00007ff84de7e000 	C:\Windows\System32\ADVAPI32.dll
0x00007ff84e6d0000 - 0x00007ff84e76c000 	C:\Windows\System32\sechost.dll
0x00007ff84e8c0000 - 0x00007ff84e9e5000 	C:\Windows\System32\RPCRT4.dll
0x00007ff84f2c0000 - 0x00007ff84f2c8000 	C:\Windows\System32\PSAPI.DLL
0x00007ff8447a0000 - 0x00007ff8447a9000 	C:\Windows\SYSTEM32\WSOCK32.dll
0x00007ff84f350000 - 0x00007ff84f3bb000 	C:\Windows\System32\WS2_32.dll
0x00007ff83f480000 - 0x00007ff83f4a7000 	C:\Windows\SYSTEM32\WINMM.dll
0x00007ff8450f0000 - 0x00007ff8450fa000 	C:\Windows\SYSTEM32\VERSION.dll
0x00007ff84ab30000 - 0x00007ff84ab42000 	C:\Windows\SYSTEM32\kernel.appcore.dll
0x00007ff844790000 - 0x00007ff84479a000 	C:\Users\sfjbs\Downloads\spring-20220601T073618Z-001\spring\spring\sts-4.14.1.RELEASE\plugins\org.eclipse.justj.openjdk.hotspot.jre.full.win32.x86_64_17.0.2.v20220201-1208\jre\bin\jimage.dll
0x00007ff8454f0000 - 0x00007ff8456d4000 	C:\Windows\SYSTEM32\DBGHELP.DLL
0x00007ff8453a0000 - 0x00007ff8453cc000 	C:\Windows\SYSTEM32\dbgcore.DLL
0x00007ff84ce90000 - 0x00007ff84cf12000 	C:\Windows\System32\bcryptPrimitives.dll
0x00007ff836c00000 - 0x00007ff836c25000 	C:\Users\sfjbs\Downloads\spring-20220601T073618Z-001\spring\spring\sts-4.14.1.RELEASE\plugins\org.eclipse.justj.openjdk.hotspot.jre.full.win32.x86_64_17.0.2.v20220201-1208\jre\bin\java.dll
0x00007ff844720000 - 0x00007ff844738000 	C:\Users\sfjbs\Downloads\spring-20220601T073618Z-001\spring\spring\sts-4.14.1.RELEASE\plugins\org.eclipse.justj.openjdk.hotspot.jre.full.win32.x86_64_17.0.2.v20220201-1208\jre\bin\zip.dll
0x00007ff84d590000 - 0x00007ff84dcd4000 	C:\Windows\System32\SHELL32.dll
0x00007ff84ad30000 - 0x00007ff84b4c4000 	C:\Windows\SYSTEM32\windows.storage.dll
0x00007ff84eab0000 - 0x00007ff84ee04000 	C:\Windows\System32\combase.dll
0x00007ff84c500000 - 0x00007ff84c52c000 	C:\Windows\SYSTEM32\Wldp.dll
0x00007ff84e080000 - 0x00007ff84e12d000 	C:\Windows\System32\SHCORE.dll
0x00007ff84dd40000 - 0x00007ff84dd95000 	C:\Windows\System32\shlwapi.dll
0x00007ff84cb90000 - 0x00007ff84cbaf000 	C:\Windows\SYSTEM32\profapi.dll
0x00007ff8446e0000 - 0x00007ff8446f9000 	C:\Users\sfjbs\Downloads\spring-20220601T073618Z-001\spring\spring\sts-4.14.1.RELEASE\plugins\org.eclipse.justj.openjdk.hotspot.jre.full.win32.x86_64_17.0.2.v20220201-1208\jre\bin\net.dll
0x00007ff8415d0000 - 0x00007ff8416da000 	C:\Windows\SYSTEM32\WINHTTP.dll
0x00007ff84c2e0000 - 0x00007ff84c34a000 	C:\Windows\system32\mswsock.dll
0x00007ff840970000 - 0x00007ff840985000 	C:\Users\sfjbs\Downloads\spring-20220601T073618Z-001\spring\spring\sts-4.14.1.RELEASE\plugins\org.eclipse.justj.openjdk.hotspot.jre.full.win32.x86_64_17.0.2.v20220201-1208\jre\bin\nio.dll
0x00007ff8392c0000 - 0x00007ff8392c9000 	C:\Users\sfjbs\Downloads\spring-20220601T073618Z-001\spring\spring\sts-4.14.1.RELEASE\plugins\org.eclipse.justj.openjdk.hotspot.jre.full.win32.x86_64_17.0.2.v20220201-1208\jre\bin\management.dll
0x00007ff839220000 - 0x00007ff83922b000 	C:\Users\sfjbs\Downloads\spring-20220601T073618Z-001\spring\spring\sts-4.14.1.RELEASE\plugins\org.eclipse.justj.openjdk.hotspot.jre.full.win32.x86_64_17.0.2.v20220201-1208\jre\bin\management_ext.dll
0x00007ff83e960000 - 0x00007ff83e977000 	C:\Windows\system32\napinsp.dll
0x00007ff83e900000 - 0x00007ff83e91b000 	C:\Windows\system32\pnrpnsp.dll
0x00007ff83e8e0000 - 0x00007ff83e8f5000 	C:\Windows\system32\wshbth.dll
0x00007ff846070000 - 0x00007ff84608d000 	C:\Windows\system32\NLAapi.dll
0x00007ff84bff0000 - 0x00007ff84c02b000 	C:\Windows\SYSTEM32\IPHLPAPI.DLL
0x00007ff84c030000 - 0x00007ff84c0fb000 	C:\Windows\SYSTEM32\DNSAPI.dll
0x00007ff84e8b0000 - 0x00007ff84e8b8000 	C:\Windows\System32\NSI.dll
0x00007ff83e8c0000 - 0x00007ff83e8d2000 	C:\Windows\System32\winrnr.dll
0x00007ff83fff0000 - 0x00007ff83fffa000 	C:\Windows\System32\rasadhlp.dll
0x00007ff841ea0000 - 0x00007ff841f20000 	C:\Windows\System32\fwpuclnt.dll
0x00007ff84cf20000 - 0x00007ff84cf47000 	C:\Windows\System32\bcrypt.dll
0x00007ff84c540000 - 0x00007ff84c558000 	C:\Windows\SYSTEM32\CRYPTSP.dll
0x00007ff84bc80000 - 0x00007ff84bcb4000 	C:\Windows\system32\rsaenh.dll
0x00007ff84cb10000 - 0x00007ff84cb3e000 	C:\Windows\SYSTEM32\USERENV.dll
0x00007ff84c470000 - 0x00007ff84c47c000 	C:\Windows\SYSTEM32\CRYPTBASE.dll
0x00007ff845b90000 - 0x00007ff845ba7000 	C:\Windows\SYSTEM32\dhcpcsvc6.DLL
0x00007ff845ad0000 - 0x00007ff845aed000 	C:\Windows\SYSTEM32\dhcpcsvc.DLL
0x00007ff8408f0000 - 0x00007ff840900000 	C:\Users\sfjbs\Downloads\spring-20220601T073618Z-001\spring\spring\sts-4.14.1.RELEASE\plugins\org.eclipse.justj.openjdk.hotspot.jre.full.win32.x86_64_17.0.2.v20220201-1208\jre\bin\verify.dll

dbghelp: loaded successfully - version: 4.0.5 - missing functions: none
symbol engine: initialized successfully - sym options: 0x614 - pdb path: .;C:\Users\sfjbs\Downloads\spring-20220601T073618Z-001\spring\spring\sts-4.14.1.RELEASE\plugins\org.eclipse.justj.openjdk.hotspot.jre.full.win32.x86_64_17.0.2.v20220201-1208\jre\bin;C:\Windows\SYSTEM32;C:\Windows\WinSxS\amd64_microsoft.windows.common-controls_6595b64144ccf1df_6.0.19041.1110_none_60b5254171f9507e;C:\Users\sfjbs\Downloads\spring-20220601T073618Z-001\spring\spring\sts-4.14.1.RELEASE\plugins\org.eclipse.justj.openjdk.hotspot.jre.full.win32.x86_64_17.0.2.v20220201-1208\jre\bin\server

VM Arguments:
jvm_args: -Dcom.sun.management.jmxremote -Dcom.sun.management.jmxremote.port=58421 -Dcom.sun.management.jmxremote.authenticate=false -Dcom.sun.management.jmxremote.ssl=false -Djava.rmi.server.hostname=localhost -Dspring.jmx.enabled=true -Dspring.application.admin.enabled=true -XX:TieredStopAtLevel=1 -Dspring.boot.project.name=Pensiondetail -Dfile.encoding=UTF-8 -XX:+ShowCodeDetailsInExceptionMessages 
java_command: com.pensionDetail.PensiondetailApplication --spring.output.ansi.enabled=always
java_class_path (initial): D:\Projects 6-1-2022\PensionManagement\Pensiondetail\target\classes;C:\Users\sfjbs\.m2\repository\org\springframework\boot\spring-boot-starter-web\2.7.0\spring-boot-starter-web-2.7.0.jar;C:\Users\sfjbs\.m2\repository\org\springframework\boot\spring-boot-starter-json\2.7.0\spring-boot-starter-json-2.7.0.jar;C:\Users\sfjbs\.m2\repository\com\fasterxml\jackson\core\jackson-databind\2.13.3\jackson-databind-2.13.3.jar;C:\Users\sfjbs\.m2\repository\com\fasterxml\jackson\datatype\jackson-datatype-jdk8\2.13.3\jackson-datatype-jdk8-2.13.3.jar;C:\Users\sfjbs\.m2\repository\com\fasterxml\jackson\datatype\jackson-datatype-jsr310\2.13.3\jackson-datatype-jsr310-2.13.3.jar;C:\Users\sfjbs\.m2\repository\com\fasterxml\jackson\module\jackson-module-parameter-names\2.13.3\jackson-module-parameter-names-2.13.3.jar;C:\Users\sfjbs\.m2\repository\org\springframework\boot\spring-boot-starter-tomcat\2.7.0\spring-boot-starter-tomcat-2.7.0.jar;C:\Users\sfjbs\.m2\repository\org\apache\tomcat\embed\tomcat-embed-core\9.0.63\tomcat-embed-core-9.0.63.jar;C:\Users\sfjbs\.m2\repository\org\apache\tomcat\embed\tomcat-embed-el\9.0.63\tomcat-embed-el-9.0.63.jar;C:\Users\sfjbs\.m2\repository\org\apache\tomcat\embed\tomcat-embed-websocket\9.0.63\tomcat-embed-websocket-9.0.63.jar;C:\Users\sfjbs\.m2\repository\org\springframework\spring-web\5.3.20\spring-web-5.3.20.jar;C:\Users\sfjbs\.m2\repository\org\springframework\spring-beans\5.3.20\spring-beans-5.3.20.jar;C:\Users\sfjbs\.m2\repository\org\springframework\spring-webmvc\5.3.20\spring-webmvc-5.3.20.jar;C:\Users\sfjbs\.m2\repository\org\springframework\spring-aop\5.3.20\spring-aop-5.3.20.jar;C:\Users\sfjbs\.m2\repository\org\springframework\spring-context\5.3.20\spring-context-5.3.20.jar;C:\Users\sfjbs\.m2\repository\org\springframework\spring-expression\5.3.20\spring-expression-5.3.20.jar;C:\Users\sfjbs\.m2\repository\org\slf4j\slf4j-api\1.7.36\slf4j-api-1.7.36.jar;C:\Users\sfjbs\.m2\repository\jakarta\xml\bind\jakarta.xml.b
Launcher Type: SUN_STANDARD

[Global flags]
     intx CICompilerCount                          = 2                                         {product} {ergonomic}
     uint ConcGCThreads                            = 1                                         {product} {ergonomic}
     uint G1ConcRefinementThreads                  = 2                                         {product} {ergonomic}
   size_t G1HeapRegionSize                         = 1048576                                   {product} {ergonomic}
    uintx GCDrainStackTargetSize                   = 64                                        {product} {ergonomic}
   size_t InitialHeapSize                          = 134217728                                 {product} {ergonomic}
     bool ManagementServer                         = true                                      {product} {command line}
   size_t MarkStackSize                            = 4194304                                   {product} {ergonomic}
   size_t MaxHeapSize                              = 2147483648                                {product} {ergonomic}
   size_t MaxNewSize                               = 1287651328                                {product} {ergonomic}
   size_t MinHeapDeltaBytes                        = 1048576                                   {product} {ergonomic}
   size_t MinHeapSize                              = 8388608                                   {product} {ergonomic}
    uintx NonProfiledCodeHeapSize                  = 0                                      {pd product} {ergonomic}
     bool ProfileInterpreter                       = false                                  {pd product} {command line}
    uintx ProfiledCodeHeapSize                     = 0                                      {pd product} {ergonomic}
     bool ShowCodeDetailsInExceptionMessages       = true                                   {manageable} {command line}
   size_t SoftMaxHeapSize                          = 2147483648                             {manageable} {ergonomic}
     intx TieredStopAtLevel                        = 1                                         {product} {command line}
     bool UseCompressedClassPointers               = true                           {product lp64_product} {ergonomic}
     bool UseCompressedOops                        = true                           {product lp64_product} {ergonomic}
     bool UseG1GC                                  = true                                      {product} {ergonomic}
     bool UseLargePagesIndividualAllocation        = false                                  {pd product} {ergonomic}

Logging:
Log output configuration:
 #0: stdout all=warning uptime,level,tags
 #1: stderr all=off uptime,level,tags

Environment Variables:
PATH=C:/Users/sfjbs/Downloads/spring-20220601T073618Z-001/spring/spring/sts-4.14.1.RELEASE//plugins/org.eclipse.justj.openjdk.hotspot.jre.full.win32.x86_64_17.0.2.v20220201-1208/jre/bin/server;C:/Users/sfjbs/Downloads/spring-20220601T073618Z-001/spring/spring/sts-4.14.1.RELEASE//plugins/org.eclipse.justj.openjdk.hotspot.jre.full.win32.x86_64_17.0.2.v20220201-1208/jre/bin;C:\Program Files\Common Files\Oracle\Java\javapath;C:\Windows\system32;C:\Windows;C:\Windows\System32\Wbem;C:\Windows\System32\WindowsPowerShell\v1.0\;C:\Windows\System32\OpenSSH\;C:\Program Files\Git\cmd;C:\Program Files\Docker\Docker\resources\bin;C:\ProgramData\DockerDesktop\version-bin;C:\Program Files\Microsoft VS Code\bin;C:\Users\sfjbs\AppData\Local\Microsoft\WindowsApps;C:\Program Files\MongoDB\Server\5.0\bin;;C:\Users\sfjbs\Downloads\spring-20220601T073618Z-001\spring\spring\sts-4.14.1.RELEASE;
USERNAME=sfjbs
OS=Windows_NT
PROCESSOR_IDENTIFIER=Intel64 Family 6 Model 79 Stepping 1, GenuineIntel



---------------  S Y S T E M  ---------------

OS:
 Windows 10 , 64 bit Build 19041 (10.0.19041.1741)
OS uptime: 5 days 1:01 hours
Hyper-V role detected

CPU: total 2 (initial active 2) (1 cores per cpu, 2 threads per core) family 6 model 79 stepping 1 microcode 0xffffffff, cx8, cmov, fxsr, ht, mmx, 3dnowpref, sse, sse2, sse3, ssse3, sse4.1, sse4.2, popcnt, lzcnt, tsc, avx, avx2, aes, erms, clmul, bmi1, bmi2, rtm, adx, fma, vzeroupper, clflush, hv

Memory: 4k page, system-wide physical 8190M (1698M free)
TotalPageFile size 10238M (AvailPageFile size 29M)
current process WorkingSet (physical memory assigned to process): 91M, peak: 91M
current process commit charge ("private bytes"): 218M, peak: 244M

vm_info: OpenJDK 64-Bit Server VM (17.0.2+8) for windows-amd64 JRE (17.0.2+8), built on Jan 20 2022 04:52:34 by "" with MS VC++ 16.7 (VS2019)

END.
